<?xml version="1.0" encoding="UTF-8"?>
<!-- Generated by org.testng.reporters.JUnitReportReporter -->
<testsuite name="Alltest" tests="4" time="0.135" ignored="0" failures="0" timestamp="21 Jun 2018 06:49:05 GMT" skipped="0" hostname="asd1545po01976" errors="0">
  <testcase name="test_add_same_name_user" time="0.022" classname="Alltest"/>
  <testcase name="test_add_more_than_four_user" time="0.034" classname="Alltest"/>
  <testcase name="test_delete_user_without_registering_anybody" time="0.017" classname="Alltest"/>
  <testcase name="test_roll_dice_without_registering_any_user" time="0.062" classname="Alltest"/>
</testsuite> <!-- Alltest -->
